   0  $accept : %entry% $end

   1  program : block DOT

   2  block : decl_list BEGIN stmts END

   3  decl_list :
   4            | decl decl_list

   5  decl : CONST const_decls
   6       | VAR var_decls
   7       | proc_decl
   8       | TYPE type_decls

   9  const_decls : const_decl
  10              | const_decl const_decls

  11  const_decl : IDENT EQUAL expr SEMI

  12  type_decls : type_decl
  13             | type_decl type_decls

  14  type_decl : IDENT EQUAL typexpr SEMI

  15  var_decls : var_decl
  16            | var_decl var_decls

  17  var_decl : ident_list COLON typexpr SEMI

  18  proc_decl : proc_heading SEMI block SEMI

  19  proc_heading : PROC name params return_type

  20  params : LPAR RPAR
  21         | LPAR formal_decls RPAR

  22  formal_decls : formal_decl
  23               | formal_decl SEMI formal_decls

  24  formal_decl : ident_list COLON typexpr
  25              | VAR ident_list COLON typexpr
  26              | proc_heading

  27  return_type :
  28              | COLON typexpr

  29  stmts : stmt_list

  30  stmt_list : stmt
  31            | stmt SEMI stmt_list

  32  stmt : line stmt1
  33       | IMPOSSIBLE

  34  line :

  35  stmt1 :
  36        | variable ASSIGN expr
  37        | name actuals
  38        | RETURN expr_opt
  39        | IF expr THEN stmts elses END
  40        | WHILE expr DO stmts END
  41        | REPEAT stmts UNTIL expr
  42        | FOR name ASSIGN expr TO expr DO stmts END
  43        | CASE expr OF arms else_part END

  44  elses :
  45        | ELSE stmts
  46        | ELSIF line expr THEN stmts elses

  47  arms : arm
  48       | arm VBAR arms

  49  arm : expr COLON stmts

  50  else_part :
  51            | ELSE stmts

  52  ident_list : IDENT
  53             | IDENT COMMA ident_list

  54  expr_opt :
  55           | expr

  56  expr : simple
  57       | expr RELOP simple
  58       | expr EQUAL simple

  59  simple : term
  60         | simple ADDOP term
  61         | simple MINUS term

  62  term : factor
  63       | term MULOP factor

  64  factor : variable
  65         | NUMBER
  66         | STRING
  67         | CHAR
  68         | NIL
  69         | name actuals
  70         | NOT factor
  71         | MINUS factor
  72         | LPAR expr RPAR

  73  actuals : LPAR RPAR
  74          | LPAR expr_list RPAR

  75  expr_list : expr
  76            | expr COMMA expr_list

  77  variable : name
  78           | variable SUB expr BUS
  79           | variable DOT name
  80           | variable ARROW

  81  typexpr : name
  82          | ARRAY expr OF typexpr
  83          | RECORD fields END
  84          | POINTER TO typexpr

  85  fields : field_decl opt_semi
  86         | field_decl SEMI fields

  87  field_decl : ident_list COLON typexpr

  88  opt_semi : SEMI
  89           |

  90  name : IDENT

  91  %entry% : '\001' program

state 0
	$accept : . %entry% $end  (0)

	'\001'  shift 1
	.  error

	%entry%  goto 2


state 1
	%entry% : '\001' . program  (91)
	decl_list : .  (3)

	CONST  shift 3
	PROC  shift 4
	TYPE  shift 5
	VAR  shift 6
	BEGIN  reduce 3

	program  goto 7
	block  goto 8
	decl_list  goto 9
	decl  goto 10
	proc_decl  goto 11
	proc_heading  goto 12


state 2
	$accept : %entry% . $end  (0)

	$end  accept


state 3
	decl : CONST . const_decls  (5)

	IDENT  shift 13
	.  error

	const_decls  goto 14
	const_decl  goto 15


state 4
	proc_heading : PROC . name params return_type  (19)

	IDENT  shift 16
	.  error

	name  goto 17


state 5
	decl : TYPE . type_decls  (8)

	IDENT  shift 18
	.  error

	type_decls  goto 19
	type_decl  goto 20


state 6
	decl : VAR . var_decls  (6)

	IDENT  shift 21
	.  error

	var_decls  goto 22
	var_decl  goto 23
	ident_list  goto 24


state 7
	%entry% : '\001' program .  (91)

	.  reduce 91


state 8
	program : block . DOT  (1)

	DOT  shift 25
	.  error


state 9
	block : decl_list . BEGIN stmts END  (2)

	BEGIN  shift 26
	.  error


state 10
	decl_list : decl . decl_list  (4)
	decl_list : .  (3)

	CONST  shift 3
	PROC  shift 4
	TYPE  shift 5
	VAR  shift 6
	BEGIN  reduce 3

	decl_list  goto 27
	decl  goto 10
	proc_decl  goto 11
	proc_heading  goto 12


state 11
	decl : proc_decl .  (7)

	.  reduce 7


state 12
	proc_decl : proc_heading . SEMI block SEMI  (18)

	SEMI  shift 28
	.  error


state 13
	const_decl : IDENT . EQUAL expr SEMI  (11)

	EQUAL  shift 29
	.  error


state 14
	decl : CONST const_decls .  (5)

	.  reduce 5


state 15
	const_decls : const_decl .  (9)
	const_decls : const_decl . const_decls  (10)

	IDENT  shift 13
	BEGIN  reduce 9
	CONST  reduce 9
	PROC  reduce 9
	TYPE  reduce 9
	VAR  reduce 9

	const_decls  goto 30
	const_decl  goto 15


state 16
	name : IDENT .  (90)

	.  reduce 90


state 17
	proc_heading : PROC name . params return_type  (19)

	LPAR  shift 31
	.  error

	params  goto 32


state 18
	type_decl : IDENT . EQUAL typexpr SEMI  (14)

	EQUAL  shift 33
	.  error


state 19
	decl : TYPE type_decls .  (8)

	.  reduce 8


state 20
	type_decls : type_decl .  (12)
	type_decls : type_decl . type_decls  (13)

	IDENT  shift 18
	BEGIN  reduce 12
	CONST  reduce 12
	PROC  reduce 12
	TYPE  reduce 12
	VAR  reduce 12

	type_decls  goto 34
	type_decl  goto 20


state 21
	ident_list : IDENT .  (52)
	ident_list : IDENT . COMMA ident_list  (53)

	COMMA  shift 35
	COLON  reduce 52


state 22
	decl : VAR var_decls .  (6)

	.  reduce 6


state 23
	var_decls : var_decl .  (15)
	var_decls : var_decl . var_decls  (16)

	IDENT  shift 21
	BEGIN  reduce 15
	CONST  reduce 15
	PROC  reduce 15
	TYPE  reduce 15
	VAR  reduce 15

	var_decls  goto 36
	var_decl  goto 23
	ident_list  goto 24


state 24
	var_decl : ident_list . COLON typexpr SEMI  (17)

	COLON  shift 37
	.  error


state 25
	program : block DOT .  (1)

	.  reduce 1


state 26
	block : decl_list BEGIN . stmts END  (2)
	line : .  (34)

	IMPOSSIBLE  shift 38
	IDENT  reduce 34
	SEMI  reduce 34
	END  reduce 34
	IF  reduce 34
	RETURN  reduce 34
	WHILE  reduce 34
	REPEAT  reduce 34
	FOR  reduce 34
	CASE  reduce 34

	stmts  goto 39
	stmt_list  goto 40
	stmt  goto 41
	line  goto 42


state 27
	decl_list : decl decl_list .  (4)

	.  reduce 4


state 28
	proc_decl : proc_heading SEMI . block SEMI  (18)
	decl_list : .  (3)

	CONST  shift 3
	PROC  shift 4
	TYPE  shift 5
	VAR  shift 6
	BEGIN  reduce 3

	block  goto 43
	decl_list  goto 9
	decl  goto 10
	proc_decl  goto 11
	proc_heading  goto 12


state 29
	const_decl : IDENT EQUAL . expr SEMI  (11)

	IDENT  shift 16
	NUMBER  shift 44
	CHAR  shift 45
	STRING  shift 46
	LPAR  shift 47
	MINUS  shift 48
	NOT  shift 49
	NIL  shift 50
	.  error

	expr  goto 51
	name  goto 52
	variable  goto 53
	simple  goto 54
	term  goto 55
	factor  goto 56


state 30
	const_decls : const_decl const_decls .  (10)

	.  reduce 10


state 31
	params : LPAR . RPAR  (20)
	params : LPAR . formal_decls RPAR  (21)

	IDENT  shift 21
	RPAR  shift 57
	PROC  shift 4
	VAR  shift 58
	.  error

	ident_list  goto 59
	proc_heading  goto 60
	formal_decls  goto 61
	formal_decl  goto 62


state 32
	proc_heading : PROC name params . return_type  (19)
	return_type : .  (27)

	COLON  shift 63
	SEMI  reduce 27
	RPAR  reduce 27

	return_type  goto 64


state 33
	type_decl : IDENT EQUAL . typexpr SEMI  (14)

	IDENT  shift 16
	ARRAY  shift 65
	RECORD  shift 66
	POINTER  shift 67
	.  error

	typexpr  goto 68
	name  goto 69


state 34
	type_decls : type_decl type_decls .  (13)

	.  reduce 13


state 35
	ident_list : IDENT COMMA . ident_list  (53)

	IDENT  shift 21
	.  error

	ident_list  goto 70


state 36
	var_decls : var_decl var_decls .  (16)

	.  reduce 16


state 37
	var_decl : ident_list COLON . typexpr SEMI  (17)

	IDENT  shift 16
	ARRAY  shift 65
	RECORD  shift 66
	POINTER  shift 67
	.  error

	typexpr  goto 71
	name  goto 69


state 38
	stmt : IMPOSSIBLE .  (33)

	.  reduce 33


state 39
	block : decl_list BEGIN stmts . END  (2)

	END  shift 72
	.  error


state 40
	stmts : stmt_list .  (29)

	.  reduce 29


state 41
	stmt_list : stmt .  (30)
	stmt_list : stmt . SEMI stmt_list  (31)

	SEMI  shift 73
	VBAR  reduce 30
	ELSE  reduce 30
	END  reduce 30
	UNTIL  reduce 30
	ELSIF  reduce 30


state 42
	stmt : line . stmt1  (32)
	stmt1 : .  (35)

	IDENT  shift 16
	IF  shift 74
	RETURN  shift 75
	WHILE  shift 76
	REPEAT  shift 77
	FOR  shift 78
	CASE  shift 79
	SEMI  reduce 35
	VBAR  reduce 35
	ELSE  reduce 35
	END  reduce 35
	UNTIL  reduce 35
	ELSIF  reduce 35

	name  goto 80
	stmt1  goto 81
	variable  goto 82


state 43
	proc_decl : proc_heading SEMI block . SEMI  (18)

	SEMI  shift 83
	.  error


state 44
	factor : NUMBER .  (65)

	.  reduce 65


state 45
	factor : CHAR .  (67)

	.  reduce 67


state 46
	factor : STRING .  (66)

	.  reduce 66


state 47
	factor : LPAR . expr RPAR  (72)

	IDENT  shift 16
	NUMBER  shift 44
	CHAR  shift 45
	STRING  shift 46
	LPAR  shift 47
	MINUS  shift 48
	NOT  shift 49
	NIL  shift 50
	.  error

	expr  goto 84
	name  goto 52
	variable  goto 53
	simple  goto 54
	term  goto 55
	factor  goto 56


state 48
	factor : MINUS . factor  (71)

	IDENT  shift 16
	NUMBER  shift 44
	CHAR  shift 45
	STRING  shift 46
	LPAR  shift 47
	MINUS  shift 48
	NOT  shift 49
	NIL  shift 50
	.  error

	name  goto 52
	variable  goto 53
	factor  goto 85


state 49
	factor : NOT . factor  (70)

	IDENT  shift 16
	NUMBER  shift 44
	CHAR  shift 45
	STRING  shift 46
	LPAR  shift 47
	MINUS  shift 48
	NOT  shift 49
	NIL  shift 50
	.  error

	name  goto 52
	variable  goto 53
	factor  goto 86


state 50
	factor : NIL .  (68)

	.  reduce 68


state 51
	const_decl : IDENT EQUAL expr . SEMI  (11)
	expr : expr . RELOP simple  (57)
	expr : expr . EQUAL simple  (58)

	RELOP  shift 87
	SEMI  shift 88
	EQUAL  shift 89
	.  error


state 52
	factor : name . actuals  (69)
	variable : name .  (77)

	LPAR  shift 90
	MULOP  reduce 77
	ADDOP  reduce 77
	RELOP  reduce 77
	SEMI  reduce 77
	DOT  reduce 77
	COLON  reduce 77
	RPAR  reduce 77
	COMMA  reduce 77
	SUB  reduce 77
	BUS  reduce 77
	EQUAL  reduce 77
	MINUS  reduce 77
	VBAR  reduce 77
	ARROW  reduce 77
	DO  reduce 77
	ELSE  reduce 77
	END  reduce 77
	OF  reduce 77
	THEN  reduce 77
	TO  reduce 77
	UNTIL  reduce 77
	ELSIF  reduce 77

	actuals  goto 91


state 53
	factor : variable .  (64)
	variable : variable . SUB expr BUS  (78)
	variable : variable . DOT name  (79)
	variable : variable . ARROW  (80)

	DOT  shift 92
	SUB  shift 93
	ARROW  shift 94
	MULOP  reduce 64
	ADDOP  reduce 64
	RELOP  reduce 64
	SEMI  reduce 64
	COLON  reduce 64
	RPAR  reduce 64
	COMMA  reduce 64
	BUS  reduce 64
	EQUAL  reduce 64
	MINUS  reduce 64
	VBAR  reduce 64
	DO  reduce 64
	ELSE  reduce 64
	END  reduce 64
	OF  reduce 64
	THEN  reduce 64
	TO  reduce 64
	UNTIL  reduce 64
	ELSIF  reduce 64


state 54
	expr : simple .  (56)
	simple : simple . ADDOP term  (60)
	simple : simple . MINUS term  (61)

	ADDOP  shift 95
	MINUS  shift 96
	RELOP  reduce 56
	SEMI  reduce 56
	COLON  reduce 56
	RPAR  reduce 56
	COMMA  reduce 56
	BUS  reduce 56
	EQUAL  reduce 56
	VBAR  reduce 56
	DO  reduce 56
	ELSE  reduce 56
	END  reduce 56
	OF  reduce 56
	THEN  reduce 56
	TO  reduce 56
	UNTIL  reduce 56
	ELSIF  reduce 56


state 55
	simple : term .  (59)
	term : term . MULOP factor  (63)

	MULOP  shift 97
	ADDOP  reduce 59
	RELOP  reduce 59
	SEMI  reduce 59
	COLON  reduce 59
	RPAR  reduce 59
	COMMA  reduce 59
	BUS  reduce 59
	EQUAL  reduce 59
	MINUS  reduce 59
	VBAR  reduce 59
	DO  reduce 59
	ELSE  reduce 59
	END  reduce 59
	OF  reduce 59
	THEN  reduce 59
	TO  reduce 59
	UNTIL  reduce 59
	ELSIF  reduce 59


state 56
	term : factor .  (62)

	.  reduce 62


state 57
	params : LPAR RPAR .  (20)

	.  reduce 20


state 58
	formal_decl : VAR . ident_list COLON typexpr  (25)

	IDENT  shift 21
	.  error

	ident_list  goto 98


state 59
	formal_decl : ident_list . COLON typexpr  (24)

	COLON  shift 99
	.  error


state 60
	formal_decl : proc_heading .  (26)

	.  reduce 26


state 61
	params : LPAR formal_decls . RPAR  (21)

	RPAR  shift 100
	.  error


state 62
	formal_decls : formal_decl .  (22)
	formal_decls : formal_decl . SEMI formal_decls  (23)

	SEMI  shift 101
	RPAR  reduce 22


state 63
	return_type : COLON . typexpr  (28)

	IDENT  shift 16
	ARRAY  shift 65
	RECORD  shift 66
	POINTER  shift 67
	.  error

	typexpr  goto 102
	name  goto 69


state 64
	proc_heading : PROC name params return_type .  (19)

	.  reduce 19


state 65
	typexpr : ARRAY . expr OF typexpr  (82)

	IDENT  shift 16
	NUMBER  shift 44
	CHAR  shift 45
	STRING  shift 46
	LPAR  shift 47
	MINUS  shift 48
	NOT  shift 49
	NIL  shift 50
	.  error

	expr  goto 103
	name  goto 52
	variable  goto 53
	simple  goto 54
	term  goto 55
	factor  goto 56


state 66
	typexpr : RECORD . fields END  (83)

	IDENT  shift 21
	.  error

	ident_list  goto 104
	fields  goto 105
	field_decl  goto 106


state 67
	typexpr : POINTER . TO typexpr  (84)

	TO  shift 107
	.  error


state 68
	type_decl : IDENT EQUAL typexpr . SEMI  (14)

	SEMI  shift 108
	.  error


state 69
	typexpr : name .  (81)

	.  reduce 81


state 70
	ident_list : IDENT COMMA ident_list .  (53)

	.  reduce 53


state 71
	var_decl : ident_list COLON typexpr . SEMI  (17)

	SEMI  shift 109
	.  error


state 72
	block : decl_list BEGIN stmts END .  (2)

	.  reduce 2


state 73
	stmt_list : stmt SEMI . stmt_list  (31)
	line : .  (34)

	IMPOSSIBLE  shift 38
	IDENT  reduce 34
	SEMI  reduce 34
	VBAR  reduce 34
	ELSE  reduce 34
	END  reduce 34
	IF  reduce 34
	RETURN  reduce 34
	WHILE  reduce 34
	REPEAT  reduce 34
	UNTIL  reduce 34
	FOR  reduce 34
	ELSIF  reduce 34
	CASE  reduce 34

	stmt_list  goto 110
	stmt  goto 41
	line  goto 42


state 74
	stmt1 : IF . expr THEN stmts elses END  (39)

	IDENT  shift 16
	NUMBER  shift 44
	CHAR  shift 45
	STRING  shift 46
	LPAR  shift 47
	MINUS  shift 48
	NOT  shift 49
	NIL  shift 50
	.  error

	expr  goto 111
	name  goto 52
	variable  goto 53
	simple  goto 54
	term  goto 55
	factor  goto 56


state 75
	stmt1 : RETURN . expr_opt  (38)
	expr_opt : .  (54)

	IDENT  shift 16
	NUMBER  shift 44
	CHAR  shift 45
	STRING  shift 46
	LPAR  shift 47
	MINUS  shift 48
	NOT  shift 49
	NIL  shift 50
	SEMI  reduce 54
	VBAR  reduce 54
	ELSE  reduce 54
	END  reduce 54
	UNTIL  reduce 54
	ELSIF  reduce 54

	expr  goto 112
	name  goto 52
	variable  goto 53
	expr_opt  goto 113
	simple  goto 54
	term  goto 55
	factor  goto 56


state 76
	stmt1 : WHILE . expr DO stmts END  (40)

	IDENT  shift 16
	NUMBER  shift 44
	CHAR  shift 45
	STRING  shift 46
	LPAR  shift 47
	MINUS  shift 48
	NOT  shift 49
	NIL  shift 50
	.  error

	expr  goto 114
	name  goto 52
	variable  goto 53
	simple  goto 54
	term  goto 55
	factor  goto 56


state 77
	stmt1 : REPEAT . stmts UNTIL expr  (41)
	line : .  (34)

	IMPOSSIBLE  shift 38
	IDENT  reduce 34
	SEMI  reduce 34
	IF  reduce 34
	RETURN  reduce 34
	WHILE  reduce 34
	REPEAT  reduce 34
	UNTIL  reduce 34
	FOR  reduce 34
	CASE  reduce 34

	stmts  goto 115
	stmt_list  goto 40
	stmt  goto 41
	line  goto 42


state 78
	stmt1 : FOR . name ASSIGN expr TO expr DO stmts END  (42)

	IDENT  shift 16
	.  error

	name  goto 116


state 79
	stmt1 : CASE . expr OF arms else_part END  (43)

	IDENT  shift 16
	NUMBER  shift 44
	CHAR  shift 45
	STRING  shift 46
	LPAR  shift 47
	MINUS  shift 48
	NOT  shift 49
	NIL  shift 50
	.  error

	expr  goto 117
	name  goto 52
	variable  goto 53
	simple  goto 54
	term  goto 55
	factor  goto 56


state 80
	stmt1 : name . actuals  (37)
	variable : name .  (77)

	LPAR  shift 90
	DOT  reduce 77
	SUB  reduce 77
	ASSIGN  reduce 77
	ARROW  reduce 77

	actuals  goto 118


state 81
	stmt : line stmt1 .  (32)

	.  reduce 32


state 82
	stmt1 : variable . ASSIGN expr  (36)
	variable : variable . SUB expr BUS  (78)
	variable : variable . DOT name  (79)
	variable : variable . ARROW  (80)

	DOT  shift 92
	SUB  shift 93
	ASSIGN  shift 119
	ARROW  shift 94
	.  error


state 83
	proc_decl : proc_heading SEMI block SEMI .  (18)

	.  reduce 18


state 84
	expr : expr . RELOP simple  (57)
	expr : expr . EQUAL simple  (58)
	factor : LPAR expr . RPAR  (72)

	RELOP  shift 87
	RPAR  shift 120
	EQUAL  shift 89
	.  error


state 85
	factor : MINUS factor .  (71)

	.  reduce 71


state 86
	factor : NOT factor .  (70)

	.  reduce 70


state 87
	expr : expr RELOP . simple  (57)

	IDENT  shift 16
	NUMBER  shift 44
	CHAR  shift 45
	STRING  shift 46
	LPAR  shift 47
	MINUS  shift 48
	NOT  shift 49
	NIL  shift 50
	.  error

	name  goto 52
	variable  goto 53
	simple  goto 121
	term  goto 55
	factor  goto 56


state 88
	const_decl : IDENT EQUAL expr SEMI .  (11)

	.  reduce 11


state 89
	expr : expr EQUAL . simple  (58)

	IDENT  shift 16
	NUMBER  shift 44
	CHAR  shift 45
	STRING  shift 46
	LPAR  shift 47
	MINUS  shift 48
	NOT  shift 49
	NIL  shift 50
	.  error

	name  goto 52
	variable  goto 53
	simple  goto 122
	term  goto 55
	factor  goto 56


state 90
	actuals : LPAR . RPAR  (73)
	actuals : LPAR . expr_list RPAR  (74)

	IDENT  shift 16
	NUMBER  shift 44
	CHAR  shift 45
	STRING  shift 46
	LPAR  shift 47
	RPAR  shift 123
	MINUS  shift 48
	NOT  shift 49
	NIL  shift 50
	.  error

	expr  goto 124
	name  goto 52
	variable  goto 53
	simple  goto 54
	term  goto 55
	factor  goto 56
	expr_list  goto 125


state 91
	factor : name actuals .  (69)

	.  reduce 69


state 92
	variable : variable DOT . name  (79)

	IDENT  shift 16
	.  error

	name  goto 126


state 93
	variable : variable SUB . expr BUS  (78)

	IDENT  shift 16
	NUMBER  shift 44
	CHAR  shift 45
	STRING  shift 46
	LPAR  shift 47
	MINUS  shift 48
	NOT  shift 49
	NIL  shift 50
	.  error

	expr  goto 127
	name  goto 52
	variable  goto 53
	simple  goto 54
	term  goto 55
	factor  goto 56


state 94
	variable : variable ARROW .  (80)

	.  reduce 80


state 95
	simple : simple ADDOP . term  (60)

	IDENT  shift 16
	NUMBER  shift 44
	CHAR  shift 45
	STRING  shift 46
	LPAR  shift 47
	MINUS  shift 48
	NOT  shift 49
	NIL  shift 50
	.  error

	name  goto 52
	variable  goto 53
	term  goto 128
	factor  goto 56


state 96
	simple : simple MINUS . term  (61)

	IDENT  shift 16
	NUMBER  shift 44
	CHAR  shift 45
	STRING  shift 46
	LPAR  shift 47
	MINUS  shift 48
	NOT  shift 49
	NIL  shift 50
	.  error

	name  goto 52
	variable  goto 53
	term  goto 129
	factor  goto 56


state 97
	term : term MULOP . factor  (63)

	IDENT  shift 16
	NUMBER  shift 44
	CHAR  shift 45
	STRING  shift 46
	LPAR  shift 47
	MINUS  shift 48
	NOT  shift 49
	NIL  shift 50
	.  error

	name  goto 52
	variable  goto 53
	factor  goto 130


state 98
	formal_decl : VAR ident_list . COLON typexpr  (25)

	COLON  shift 131
	.  error


state 99
	formal_decl : ident_list COLON . typexpr  (24)

	IDENT  shift 16
	ARRAY  shift 65
	RECORD  shift 66
	POINTER  shift 67
	.  error

	typexpr  goto 132
	name  goto 69


state 100
	params : LPAR formal_decls RPAR .  (21)

	.  reduce 21


state 101
	formal_decls : formal_decl SEMI . formal_decls  (23)

	IDENT  shift 21
	PROC  shift 4
	VAR  shift 58
	.  error

	ident_list  goto 59
	proc_heading  goto 60
	formal_decls  goto 133
	formal_decl  goto 62


state 102
	return_type : COLON typexpr .  (28)

	.  reduce 28


state 103
	expr : expr . RELOP simple  (57)
	expr : expr . EQUAL simple  (58)
	typexpr : ARRAY expr . OF typexpr  (82)

	RELOP  shift 87
	EQUAL  shift 89
	OF  shift 134
	.  error


state 104
	field_decl : ident_list . COLON typexpr  (87)

	COLON  shift 135
	.  error


state 105
	typexpr : RECORD fields . END  (83)

	END  shift 136
	.  error


state 106
	fields : field_decl . opt_semi  (85)
	fields : field_decl . SEMI fields  (86)
	opt_semi : .  (89)

	SEMI  shift 137
	END  reduce 89

	opt_semi  goto 138


state 107
	typexpr : POINTER TO . typexpr  (84)

	IDENT  shift 16
	ARRAY  shift 65
	RECORD  shift 66
	POINTER  shift 67
	.  error

	typexpr  goto 139
	name  goto 69


state 108
	type_decl : IDENT EQUAL typexpr SEMI .  (14)

	.  reduce 14


state 109
	var_decl : ident_list COLON typexpr SEMI .  (17)

	.  reduce 17


state 110
	stmt_list : stmt SEMI stmt_list .  (31)

	.  reduce 31


state 111
	stmt1 : IF expr . THEN stmts elses END  (39)
	expr : expr . RELOP simple  (57)
	expr : expr . EQUAL simple  (58)

	RELOP  shift 87
	EQUAL  shift 89
	THEN  shift 140
	.  error


state 112
	expr_opt : expr .  (55)
	expr : expr . RELOP simple  (57)
	expr : expr . EQUAL simple  (58)

	RELOP  shift 87
	EQUAL  shift 89
	SEMI  reduce 55
	VBAR  reduce 55
	ELSE  reduce 55
	END  reduce 55
	UNTIL  reduce 55
	ELSIF  reduce 55


state 113
	stmt1 : RETURN expr_opt .  (38)

	.  reduce 38


state 114
	stmt1 : WHILE expr . DO stmts END  (40)
	expr : expr . RELOP simple  (57)
	expr : expr . EQUAL simple  (58)

	RELOP  shift 87
	EQUAL  shift 89
	DO  shift 141
	.  error


state 115
	stmt1 : REPEAT stmts . UNTIL expr  (41)

	UNTIL  shift 142
	.  error


state 116
	stmt1 : FOR name . ASSIGN expr TO expr DO stmts END  (42)

	ASSIGN  shift 143
	.  error


state 117
	stmt1 : CASE expr . OF arms else_part END  (43)
	expr : expr . RELOP simple  (57)
	expr : expr . EQUAL simple  (58)

	RELOP  shift 87
	EQUAL  shift 89
	OF  shift 144
	.  error


state 118
	stmt1 : name actuals .  (37)

	.  reduce 37


state 119
	stmt1 : variable ASSIGN . expr  (36)

	IDENT  shift 16
	NUMBER  shift 44
	CHAR  shift 45
	STRING  shift 46
	LPAR  shift 47
	MINUS  shift 48
	NOT  shift 49
	NIL  shift 50
	.  error

	expr  goto 145
	name  goto 52
	variable  goto 53
	simple  goto 54
	term  goto 55
	factor  goto 56


state 120
	factor : LPAR expr RPAR .  (72)

	.  reduce 72


state 121
	expr : expr RELOP simple .  (57)
	simple : simple . ADDOP term  (60)
	simple : simple . MINUS term  (61)

	ADDOP  shift 95
	MINUS  shift 96
	RELOP  reduce 57
	SEMI  reduce 57
	COLON  reduce 57
	RPAR  reduce 57
	COMMA  reduce 57
	BUS  reduce 57
	EQUAL  reduce 57
	VBAR  reduce 57
	DO  reduce 57
	ELSE  reduce 57
	END  reduce 57
	OF  reduce 57
	THEN  reduce 57
	TO  reduce 57
	UNTIL  reduce 57
	ELSIF  reduce 57


state 122
	expr : expr EQUAL simple .  (58)
	simple : simple . ADDOP term  (60)
	simple : simple . MINUS term  (61)

	ADDOP  shift 95
	MINUS  shift 96
	RELOP  reduce 58
	SEMI  reduce 58
	COLON  reduce 58
	RPAR  reduce 58
	COMMA  reduce 58
	BUS  reduce 58
	EQUAL  reduce 58
	VBAR  reduce 58
	DO  reduce 58
	ELSE  reduce 58
	END  reduce 58
	OF  reduce 58
	THEN  reduce 58
	TO  reduce 58
	UNTIL  reduce 58
	ELSIF  reduce 58


state 123
	actuals : LPAR RPAR .  (73)

	.  reduce 73


state 124
	expr : expr . RELOP simple  (57)
	expr : expr . EQUAL simple  (58)
	expr_list : expr .  (75)
	expr_list : expr . COMMA expr_list  (76)

	RELOP  shift 87
	COMMA  shift 146
	EQUAL  shift 89
	RPAR  reduce 75


state 125
	actuals : LPAR expr_list . RPAR  (74)

	RPAR  shift 147
	.  error


state 126
	variable : variable DOT name .  (79)

	.  reduce 79


state 127
	expr : expr . RELOP simple  (57)
	expr : expr . EQUAL simple  (58)
	variable : variable SUB expr . BUS  (78)

	RELOP  shift 87
	BUS  shift 148
	EQUAL  shift 89
	.  error


state 128
	simple : simple ADDOP term .  (60)
	term : term . MULOP factor  (63)

	MULOP  shift 97
	ADDOP  reduce 60
	RELOP  reduce 60
	SEMI  reduce 60
	COLON  reduce 60
	RPAR  reduce 60
	COMMA  reduce 60
	BUS  reduce 60
	EQUAL  reduce 60
	MINUS  reduce 60
	VBAR  reduce 60
	DO  reduce 60
	ELSE  reduce 60
	END  reduce 60
	OF  reduce 60
	THEN  reduce 60
	TO  reduce 60
	UNTIL  reduce 60
	ELSIF  reduce 60


state 129
	simple : simple MINUS term .  (61)
	term : term . MULOP factor  (63)

	MULOP  shift 97
	ADDOP  reduce 61
	RELOP  reduce 61
	SEMI  reduce 61
	COLON  reduce 61
	RPAR  reduce 61
	COMMA  reduce 61
	BUS  reduce 61
	EQUAL  reduce 61
	MINUS  reduce 61
	VBAR  reduce 61
	DO  reduce 61
	ELSE  reduce 61
	END  reduce 61
	OF  reduce 61
	THEN  reduce 61
	TO  reduce 61
	UNTIL  reduce 61
	ELSIF  reduce 61


state 130
	term : term MULOP factor .  (63)

	.  reduce 63


state 131
	formal_decl : VAR ident_list COLON . typexpr  (25)

	IDENT  shift 16
	ARRAY  shift 65
	RECORD  shift 66
	POINTER  shift 67
	.  error

	typexpr  goto 149
	name  goto 69


state 132
	formal_decl : ident_list COLON typexpr .  (24)

	.  reduce 24


state 133
	formal_decls : formal_decl SEMI formal_decls .  (23)

	.  reduce 23


state 134
	typexpr : ARRAY expr OF . typexpr  (82)

	IDENT  shift 16
	ARRAY  shift 65
	RECORD  shift 66
	POINTER  shift 67
	.  error

	typexpr  goto 150
	name  goto 69


state 135
	field_decl : ident_list COLON . typexpr  (87)

	IDENT  shift 16
	ARRAY  shift 65
	RECORD  shift 66
	POINTER  shift 67
	.  error

	typexpr  goto 151
	name  goto 69


state 136
	typexpr : RECORD fields END .  (83)

	.  reduce 83


state 137
	fields : field_decl SEMI . fields  (86)
	opt_semi : SEMI .  (88)

	IDENT  shift 21
	END  reduce 88

	ident_list  goto 104
	fields  goto 152
	field_decl  goto 106


state 138
	fields : field_decl opt_semi .  (85)

	.  reduce 85


state 139
	typexpr : POINTER TO typexpr .  (84)

	.  reduce 84


state 140
	stmt1 : IF expr THEN . stmts elses END  (39)
	line : .  (34)

	IMPOSSIBLE  shift 38
	IDENT  reduce 34
	SEMI  reduce 34
	ELSE  reduce 34
	END  reduce 34
	IF  reduce 34
	RETURN  reduce 34
	WHILE  reduce 34
	REPEAT  reduce 34
	FOR  reduce 34
	ELSIF  reduce 34
	CASE  reduce 34

	stmts  goto 153
	stmt_list  goto 40
	stmt  goto 41
	line  goto 42


state 141
	stmt1 : WHILE expr DO . stmts END  (40)
	line : .  (34)

	IMPOSSIBLE  shift 38
	IDENT  reduce 34
	SEMI  reduce 34
	END  reduce 34
	IF  reduce 34
	RETURN  reduce 34
	WHILE  reduce 34
	REPEAT  reduce 34
	FOR  reduce 34
	CASE  reduce 34

	stmts  goto 154
	stmt_list  goto 40
	stmt  goto 41
	line  goto 42


state 142
	stmt1 : REPEAT stmts UNTIL . expr  (41)

	IDENT  shift 16
	NUMBER  shift 44
	CHAR  shift 45
	STRING  shift 46
	LPAR  shift 47
	MINUS  shift 48
	NOT  shift 49
	NIL  shift 50
	.  error

	expr  goto 155
	name  goto 52
	variable  goto 53
	simple  goto 54
	term  goto 55
	factor  goto 56


state 143
	stmt1 : FOR name ASSIGN . expr TO expr DO stmts END  (42)

	IDENT  shift 16
	NUMBER  shift 44
	CHAR  shift 45
	STRING  shift 46
	LPAR  shift 47
	MINUS  shift 48
	NOT  shift 49
	NIL  shift 50
	.  error

	expr  goto 156
	name  goto 52
	variable  goto 53
	simple  goto 54
	term  goto 55
	factor  goto 56


state 144
	stmt1 : CASE expr OF . arms else_part END  (43)

	IDENT  shift 16
	NUMBER  shift 44
	CHAR  shift 45
	STRING  shift 46
	LPAR  shift 47
	MINUS  shift 48
	NOT  shift 49
	NIL  shift 50
	.  error

	expr  goto 157
	name  goto 52
	variable  goto 53
	arms  goto 158
	arm  goto 159
	simple  goto 54
	term  goto 55
	factor  goto 56


state 145
	stmt1 : variable ASSIGN expr .  (36)
	expr : expr . RELOP simple  (57)
	expr : expr . EQUAL simple  (58)

	RELOP  shift 87
	EQUAL  shift 89
	SEMI  reduce 36
	VBAR  reduce 36
	ELSE  reduce 36
	END  reduce 36
	UNTIL  reduce 36
	ELSIF  reduce 36


state 146
	expr_list : expr COMMA . expr_list  (76)

	IDENT  shift 16
	NUMBER  shift 44
	CHAR  shift 45
	STRING  shift 46
	LPAR  shift 47
	MINUS  shift 48
	NOT  shift 49
	NIL  shift 50
	.  error

	expr  goto 124
	name  goto 52
	variable  goto 53
	simple  goto 54
	term  goto 55
	factor  goto 56
	expr_list  goto 160


state 147
	actuals : LPAR expr_list RPAR .  (74)

	.  reduce 74


state 148
	variable : variable SUB expr BUS .  (78)

	.  reduce 78


state 149
	formal_decl : VAR ident_list COLON typexpr .  (25)

	.  reduce 25


state 150
	typexpr : ARRAY expr OF typexpr .  (82)

	.  reduce 82


state 151
	field_decl : ident_list COLON typexpr .  (87)

	.  reduce 87


state 152
	fields : field_decl SEMI fields .  (86)

	.  reduce 86


state 153
	stmt1 : IF expr THEN stmts . elses END  (39)
	elses : .  (44)

	ELSE  shift 161
	ELSIF  shift 162
	END  reduce 44

	elses  goto 163


state 154
	stmt1 : WHILE expr DO stmts . END  (40)

	END  shift 164
	.  error


state 155
	stmt1 : REPEAT stmts UNTIL expr .  (41)
	expr : expr . RELOP simple  (57)
	expr : expr . EQUAL simple  (58)

	RELOP  shift 87
	EQUAL  shift 89
	SEMI  reduce 41
	VBAR  reduce 41
	ELSE  reduce 41
	END  reduce 41
	UNTIL  reduce 41
	ELSIF  reduce 41


state 156
	stmt1 : FOR name ASSIGN expr . TO expr DO stmts END  (42)
	expr : expr . RELOP simple  (57)
	expr : expr . EQUAL simple  (58)

	RELOP  shift 87
	EQUAL  shift 89
	TO  shift 165
	.  error


state 157
	arm : expr . COLON stmts  (49)
	expr : expr . RELOP simple  (57)
	expr : expr . EQUAL simple  (58)

	RELOP  shift 87
	COLON  shift 166
	EQUAL  shift 89
	.  error


state 158
	stmt1 : CASE expr OF arms . else_part END  (43)
	else_part : .  (50)

	ELSE  shift 167
	END  reduce 50

	else_part  goto 168


state 159
	arms : arm .  (47)
	arms : arm . VBAR arms  (48)

	VBAR  shift 169
	ELSE  reduce 47
	END  reduce 47


state 160
	expr_list : expr COMMA expr_list .  (76)

	.  reduce 76


state 161
	elses : ELSE . stmts  (45)
	line : .  (34)

	IMPOSSIBLE  shift 38
	IDENT  reduce 34
	SEMI  reduce 34
	END  reduce 34
	IF  reduce 34
	RETURN  reduce 34
	WHILE  reduce 34
	REPEAT  reduce 34
	FOR  reduce 34
	CASE  reduce 34

	stmts  goto 170
	stmt_list  goto 40
	stmt  goto 41
	line  goto 42


state 162
	elses : ELSIF . line expr THEN stmts elses  (46)
	line : .  (34)

	.  reduce 34

	line  goto 171


state 163
	stmt1 : IF expr THEN stmts elses . END  (39)

	END  shift 172
	.  error


state 164
	stmt1 : WHILE expr DO stmts END .  (40)

	.  reduce 40


state 165
	stmt1 : FOR name ASSIGN expr TO . expr DO stmts END  (42)

	IDENT  shift 16
	NUMBER  shift 44
	CHAR  shift 45
	STRING  shift 46
	LPAR  shift 47
	MINUS  shift 48
	NOT  shift 49
	NIL  shift 50
	.  error

	expr  goto 173
	name  goto 52
	variable  goto 53
	simple  goto 54
	term  goto 55
	factor  goto 56


state 166
	arm : expr COLON . stmts  (49)
	line : .  (34)

	IMPOSSIBLE  shift 38
	IDENT  reduce 34
	SEMI  reduce 34
	VBAR  reduce 34
	ELSE  reduce 34
	END  reduce 34
	IF  reduce 34
	RETURN  reduce 34
	WHILE  reduce 34
	REPEAT  reduce 34
	FOR  reduce 34
	CASE  reduce 34

	stmts  goto 174
	stmt_list  goto 40
	stmt  goto 41
	line  goto 42


state 167
	else_part : ELSE . stmts  (51)
	line : .  (34)

	IMPOSSIBLE  shift 38
	IDENT  reduce 34
	SEMI  reduce 34
	END  reduce 34
	IF  reduce 34
	RETURN  reduce 34
	WHILE  reduce 34
	REPEAT  reduce 34
	FOR  reduce 34
	CASE  reduce 34

	stmts  goto 175
	stmt_list  goto 40
	stmt  goto 41
	line  goto 42


state 168
	stmt1 : CASE expr OF arms else_part . END  (43)

	END  shift 176
	.  error


state 169
	arms : arm VBAR . arms  (48)

	IDENT  shift 16
	NUMBER  shift 44
	CHAR  shift 45
	STRING  shift 46
	LPAR  shift 47
	MINUS  shift 48
	NOT  shift 49
	NIL  shift 50
	.  error

	expr  goto 157
	name  goto 52
	variable  goto 53
	arms  goto 177
	arm  goto 159
	simple  goto 54
	term  goto 55
	factor  goto 56


state 170
	elses : ELSE stmts .  (45)

	.  reduce 45


state 171
	elses : ELSIF line . expr THEN stmts elses  (46)

	IDENT  shift 16
	NUMBER  shift 44
	CHAR  shift 45
	STRING  shift 46
	LPAR  shift 47
	MINUS  shift 48
	NOT  shift 49
	NIL  shift 50
	.  error

	expr  goto 178
	name  goto 52
	variable  goto 53
	simple  goto 54
	term  goto 55
	factor  goto 56


state 172
	stmt1 : IF expr THEN stmts elses END .  (39)

	.  reduce 39


state 173
	stmt1 : FOR name ASSIGN expr TO expr . DO stmts END  (42)
	expr : expr . RELOP simple  (57)
	expr : expr . EQUAL simple  (58)

	RELOP  shift 87
	EQUAL  shift 89
	DO  shift 179
	.  error


state 174
	arm : expr COLON stmts .  (49)

	.  reduce 49


state 175
	else_part : ELSE stmts .  (51)

	.  reduce 51


state 176
	stmt1 : CASE expr OF arms else_part END .  (43)

	.  reduce 43


state 177
	arms : arm VBAR arms .  (48)

	.  reduce 48


state 178
	elses : ELSIF line expr . THEN stmts elses  (46)
	expr : expr . RELOP simple  (57)
	expr : expr . EQUAL simple  (58)

	RELOP  shift 87
	EQUAL  shift 89
	THEN  shift 180
	.  error


state 179
	stmt1 : FOR name ASSIGN expr TO expr DO . stmts END  (42)
	line : .  (34)

	IMPOSSIBLE  shift 38
	IDENT  reduce 34
	SEMI  reduce 34
	END  reduce 34
	IF  reduce 34
	RETURN  reduce 34
	WHILE  reduce 34
	REPEAT  reduce 34
	FOR  reduce 34
	CASE  reduce 34

	stmts  goto 181
	stmt_list  goto 40
	stmt  goto 41
	line  goto 42


state 180
	elses : ELSIF line expr THEN . stmts elses  (46)
	line : .  (34)

	IMPOSSIBLE  shift 38
	IDENT  reduce 34
	SEMI  reduce 34
	ELSE  reduce 34
	END  reduce 34
	IF  reduce 34
	RETURN  reduce 34
	WHILE  reduce 34
	REPEAT  reduce 34
	FOR  reduce 34
	ELSIF  reduce 34
	CASE  reduce 34

	stmts  goto 182
	stmt_list  goto 40
	stmt  goto 41
	line  goto 42


state 181
	stmt1 : FOR name ASSIGN expr TO expr DO stmts . END  (42)

	END  shift 183
	.  error


state 182
	elses : ELSIF line expr THEN stmts . elses  (46)
	elses : .  (44)

	ELSE  shift 161
	ELSIF  shift 162
	END  reduce 44

	elses  goto 184


state 183
	stmt1 : FOR name ASSIGN expr TO expr DO stmts END .  (42)

	.  reduce 42


state 184
	elses : ELSIF line expr THEN stmts elses .  (46)

	.  reduce 46


49 terminals, 41 nonterminals
92 grammar rules, 185 states
